1594541986052	mozrunner::runner	INFO	Running command: "D:\\firefox\\firefox.exe" "-marionette" "-foreground" "-no-remote" "-profile" "C:\\Users\\ADMINI~1\\AppData\\Local\\Temp\\rust_mozprofile.tUP8IaAPKg4l"
JavaScript error: resource://gre/modules/XULStore.jsm, line 66: Error: Can't find profile directory.
1594542003499	Marionette	INFO	Listening on port 59384
1594542003981	Marionette	WARN	TLS certificate errors will be ignored for this session
JavaScript warning: https://g.alicdn.com/secdev/sufei_data/3.9.0/index.js, line 1: WebGL context was lost.
JavaScript warning: https://g.alicdn.com/secdev/nsv/1.0.78/ns_e_88_3_n.js, line 4: WebGL context was lost.
JavaScript warning: https://g.alicdn.com/AWSC/et/1.62.1/et_n.js, line 4: WebGL context was lost.

###!!! [Child][RunMessage] Error: Channel closing: too late to send/recv, messages will be lost


###!!! [Child][RunMessage] Error: Channel closing: too late to send/recv, messages will be lost

1594542025576	Marionette	INFO	Stopped listening on port 59384

###!!! [Child][MessageChannel::SendAndWait] Error: Channel error: cannot send/recv

1594544114762	mozrunner::runner	INFO	Running command: "D:\\firefox\\firefox.exe" "-marionette" "-foreground" "-no-remote" "-profile" "C:\\Users\\ADMINI~1\\AppData\\Local\\Temp\\rust_mozprofile.wTk7JY1fis1M"
JavaScript error: resource://gre/modules/XULStore.jsm, line 66: Error: Can't find profile directory.
1594544118683	Marionette	INFO	Listening on port 61794
1594544119080	Marionette	WARN	TLS certificate errors will be ignored for this session
JavaScript warning: https://g.alicdn.com/secdev/sufei_data/3.9.0/index.js, line 1: WebGL context was lost.
JavaScript warning: https://g.alicdn.com/secdev/nsv/1.0.78/ns_e_88_3_n.js, line 4: WebGL context was lost.
JavaScript warning: https://g.alicdn.com/AWSC/et/1.62.1/et_n.js, line 4: WebGL context was lost.
JavaScript error: resource://gre/modules/IndexedDB.jsm, line 370: UnknownError: IDBDatabase.transaction: Can't start IndexedDB transaction during shutdown
1594544207835	Marionette	INFO	Stopped listening on port 61794

###!!! [Child][RunMessage] Error: Channel closing: too late to send/recv, messages will be lost


###!!! [Child][MessageChannel::SendAndWait] Error: Channel error: cannot send/recv

1594544211226	mozrunner::runner	INFO	Running command: "D:\\firefox\\firefox.exe" "-marionette" "-foreground" "-no-remote" "-profile" "C:\\Users\\ADMINI~1\\AppData\\Local\\Temp\\rust_mozprofile.mkZWPyb6zU7p"
JavaScript error: resource://gre/modules/XULStore.jsm, line 66: Error: Can't find profile directory.
1594544215184	Marionette	INFO	Listening on port 62004
1594544215613	Marionette	WARN	TLS certificate errors will be ignored for this session
JavaScript error: https://login.taobao.com/member/login.jhtml?from=wbfast&style=wbfast&goto=http%3A%2F%2Fweibo.com%2Fa%2Fbind%2Flogin%3Fentry%3Dtaobao%26sid%3D6aea8204448c197025711fb5a12eaaa2 line 1 > scriptElement, line 5: NS_ERROR_NOT_INITIALIZED: 
JavaScript warning: https://g.alicdn.com/secdev/sufei_data/3.9.0/index.js, line 1: WebGL context was lost.
JavaScript warning: https://g.alicdn.com/AWSC/et/1.62.1/et_n.js, line 4: WebGL context was lost.
JavaScript warning: https://g.alicdn.com/secdev/nsv/1.0.78/ns_e_88_3_n.js, line 4: WebGL context was lost.
1594544287538	Marionette	INFO	Stopped listening on port 62004
1594544974844	mozrunner::runner	INFO	Running command: "D:\\firefox\\firefox.exe" "-marionette" "-foreground" "-no-remote" "-profile" "C:\\Users\\ADMINI~1\\AppData\\Local\\Temp\\rust_mozprofile.FMiWuqjLaAzs"
JavaScript error: resource://gre/modules/XULStore.jsm, line 66: Error: Can't find profile directory.
1594544978588	Marionette	INFO	Listening on port 63129
1594544978740	Marionette	WARN	TLS certificate errors will be ignored for this session
JavaScript warning: https://g.alicdn.com/secdev/sufei_data/3.9.0/index.js, line 1: WebGL context was lost.
JavaScript warning: https://g.alicdn.com/AWSC/et/1.62.1/et_n.js, line 4: WebGL context was lost.
JavaScript warning: https://g.alicdn.com/secdev/nsv/1.0.78/ns_e_88_3_n.js, line 4: WebGL context was lost.
1594544999319	mozrunner::runner	INFO	Running command: "D:\\firefox\\firefox.exe" "-marionette" "-foreground" "-no-remote" "-profile" "C:\\Users\\ADMINI~1\\AppData\\Local\\Temp\\rust_mozprofile.gsB2Eofg9hMl"
JavaScript error: resource://gre/modules/XULStore.jsm, line 66: Error: Can't find profile directory.
1594545003248	Marionette	INFO	Listening on port 63246
1594545003693	Marionette	WARN	TLS certificate errors will be ignored for this session
JavaScript error: https://login.taobao.com/member/login.jhtml?from=wbfast&style=wbfast&goto=http%3A%2F%2Fweibo.com%2Fa%2Fbind%2Flogin%3Fentry%3Dtaobao%26sid%3D7ba1dc4a59927f30792b432e599558df line 1 > scriptElement, line 5: NS_ERROR_NOT_INITIALIZED: 
JavaScript warning: https://g.alicdn.com/secdev/sufei_data/3.9.0/index.js, line 1: WebGL context was lost.
JavaScript warning: https://g.alicdn.com/secdev/nsv/1.0.78/ns_e_88_3_n.js, line 4: WebGL context was lost.
JavaScript warning: https://g.alicdn.com/AWSC/et/1.62.1/et_n.js, line 4: WebGL context was lost.
1594545079611	Marionette	INFO	Stopped listening on port 63246
1594545150184	mozrunner::runner	INFO	Running command: "D:\\firefox\\firefox.exe" "-marionette" "-foreground" "-no-remote" "-profile" "C:\\Users\\ADMINI~1\\AppData\\Local\\Temp\\rust_mozprofile.gLCUGkVLZ5T7"
JavaScript error: resource://gre/modules/XULStore.jsm, line 66: Error: Can't find profile directory.
1594545153185	Marionette	INFO	Listening on port 63512
1594545153441	Marionette	WARN	TLS certificate errors will be ignored for this session
JavaScript warning: https://g.alicdn.com/secdev/sufei_data/3.9.0/index.js, line 1: WebGL context was lost.
JavaScript warning: https://g.alicdn.com/secdev/nsv/1.0.78/ns_e_88_3_n.js, line 4: WebGL context was lost.
JavaScript warning: https://g.alicdn.com/AWSC/et/1.62.1/et_n.js, line 4: WebGL context was lost.
1594545185770	mozrunner::runner	INFO	Running command: "D:\\firefox\\firefox.exe" "-marionette" "-foreground" "-no-remote" "-profile" "C:\\Users\\ADMINI~1\\AppData\\Local\\Temp\\rust_mozprofile.JP9sL4xfM5Kn"
JavaScript error: resource://gre/modules/XULStore.jsm, line 66: Error: Can't find profile directory.
1594545189840	Marionette	INFO	Listening on port 63637
1594545190140	Marionette	WARN	TLS certificate errors will be ignored for this session
JavaScript warning: https://g.alicdn.com/secdev/sufei_data/3.9.0/index.js, line 1: WebGL context was lost.
JavaScript warning: https://g.alicdn.com/secdev/nsv/1.0.78/ns_e_88_3_n.js, line 4: WebGL context was lost.
JavaScript warning: https://g.alicdn.com/AWSC/et/1.62.1/et_n.js, line 4: WebGL context was lost.
1594545211682	Marionette	INFO	Stopped listening on port 63637

###!!! [Child][MessageChannel::SendAndWait] Error: Channel error: cannot send/recv

1594545215550	mozrunner::runner	INFO	Running command: "D:\\firefox\\firefox.exe" "-marionette" "-foreground" "-no-remote" "-profile" "C:\\Users\\ADMINI~1\\AppData\\Local\\Temp\\rust_mozprofile.fpNRcYUWb1th"
JavaScript error: resource://gre/modules/XULStore.jsm, line 66: Error: Can't find profile directory.
1594545219114	Marionette	INFO	Listening on port 63766
1594545219424	Marionette	WARN	TLS certificate errors will be ignored for this session
JavaScript warning: https://g.alicdn.com/secdev/sufei_data/3.9.0/index.js, line 1: WebGL context was lost.
JavaScript warning: https://g.alicdn.com/secdev/nsv/1.0.78/ns_e_88_3_n.js, line 4: WebGL context was lost.
JavaScript warning: https://g.alicdn.com/AWSC/et/1.62.1/et_n.js, line 4: WebGL context was lost.
JavaScript error: , line 0: AbortError: A request was aborted, for example through a call to IDBTransaction.abort.
1594545706606	Marionette	INFO	Stopped listening on port 63766

###!!! [Child][MessageChannel::SendAndWait] Error: Channel error: cannot send/recv

66: Error: Can't find profile directory.
1594545653726	Marionette	INFO	Listening on port 64373
1594545653933	Marionette	WARN	TLS certificate errors will be ignored for this session
JavaScript warning: https://g.alicdn.com/secdev/sufei_data/3.9.0/index.js, line 1: WebGL context was lost.
JavaScript warning: https://g.alicdn.com/secdev/nsv/1.0.78/ns_e_88_3_n.js, line 4: WebGL context was lost.
JavaScript warning: https://g.alicdn.com/AWSC/et/1.62.1/et_n.js, line 4: WebGL context was lost.
1594545699489	Marionette	INFO	Stopped listening on port 64373

###!!! [Child][RunMessage] Error: Channel closing: too late to send/recv, messages will be lost


###!!! [Child][MessageChannel::SendAndWaiJavaScript error: resource://gre/modules/XULS1594545710313	mozrunner::runner	INFO	Running command: "D:\\firefox\\firefox.exe" "-marionette" "-foreground" "-n1594545743910	Marionette	INFO	Stopped listening on port 64533

###!!! [Child][MessageChannel::SendAndWait] Error: Channel error: cannot send/recv

ine 66: Error: Can't find profile directory.
1594545714755	Marionette	INFO	Listening on port 64571
1594545715309	Marionette	WARN	TLS certificate errors will be ignored for this session
JavaScript warning: https://g.alicdn.com/secdev/sufei_data/3.9.0/index.js, line 1: WebGL context was lost.
JavaScript warning: https://g.alicdn.com/secdev/nsv/1.0.78/ns_e_88_3_n.js, line 4: WebGL context was lost.
JavaScript warning: https://g.alicdn.com/AWSC/et/1.62.1/et_n.js, line 4: WebGL context was lost.
1594545745846	mozrunner::runner	INFO	Running command: "D:\\firefox\\firefox.exe" "-marionette" "-foreground" "-no-remote" "-profile" "C:\\Users\\ADMINI~1\\AppData\\Local\\Temp\\rust_mozprofile.HtCWgJi0NuIH"
JavaScript error: resource://gre/modules/XULStore.jsm, line 66: Error: Can't find profile directory.
1594545749421	Marionette	INFO	Listening on port 64699
1594545749679	Marionette	WARN	TLS certificate errors will be ignored for this session
JavaScript warning: https://g.alicdn.com/secdev/sufei_data/3.9.0/index.js, line 1: WebGL context was lost.
JavaScript warning: https://g.alicdn.com/AWSC/et/1.62.1/et_n.js, line 4: WebGL context was lost.
JavaScript warning: https://g.alicdn.com/secdev/nsv/1.0.78/ns_e_88_3_n.js, line 4: WebGL context was lost.
1594545788061	mozrunner::runner	INFO	Running command: "D:\\firefox\\firefox.exe" "-marionette" "-foreground" "-no-remote" "-profile" "C:\\Users\\ADMINI~1\\AppData\\Local\\Temp\\rust_mozprofile.cWy7Ui4BSjWD"
JavaScript error: resource://gre/modules/XULStore.jsm, line 66: Error: Can't find profile directory.
1594545792068	Marionette	INFO	Listening on port 64831
1594545792371	Marionette	WARN	TLS certificate errors will be ignored for this session
JavaScript error: https://login.taobao.com/member/login.jhtml?from=wbfast&style=wbfast&goto=http%3A%2F%2Fweibo.com%2Fa%2Fbind%2Flogin%3Fentry%3Dtaobao%26sid%3D1fa0e67757b5e1befe54d123ebe59e7b line 1 > scriptElement, line 5: NS_ERROR_NOT_INITIALIZED: 
JavaScript warning: https://g.alicdn.com/secdev/nsv/1.0.78/ns_e_88_3_n.js, line 4: WebGL context was lost.
JavaScript warning: https://g.alicdn.com/secdev/sufei_data/3.9.0/index.js, line 1: WebGL context was lost.
JavaScript warning: https://g.alicdn.com/AWSC/et/1.62.1/et_n.js, line 4: WebGL context was lost.
1594546391829	Marionette	INFO	Stopped listening on port 64831

###!!! [Child][RunMessage] Error: Channel closing: too late to send/recv, messages will be lost


###!!! [Child][MessageChannel::SendAndWait] Error: Channel error: cannot send/recv

tore.jsm, line 66: Error: Can't find profile directory.
1594546282733	Marionette	INFO	Listening on port 65490
1594546282804	Marionette	WARN	TLS certificate errors will be ignored for this session
JavaScript warning: https://g.alicdn.com/secdev/sufei_data/3.9.0/index.js, line 1: WebGL context was lost.
JavaScript warning: https://g.alicdn.com/secdev/nsv/1.0.78/ns_e_88_3_n.js, line 4: WebGL context was lost.
JavaScript warning: https://g.alicdn.com/AWSC/et/1.62.1/et_n.js, line 4: WebGL context was lost.
JavaScript warning: https://g.alicdn.com/secdev/sufei_data/3.9.0/index.js, line 1: WebGL context was lost.
JavaScript warning: https://g.alicdn.com/AWSC/et/1.62.1/et_n.js, line 4: WebGL context was lost.
JavaScript warning: https://g.alicdn.com/secdev/nsv/1.0.78/ns_e_88_3_n.js, line 4: WebGL context was lost.
JavaScript warning: https://g.alicdn.com/secdev/sufei_data/3.9.0/index.js, line 1: WebGL context was lost.
JavaScript warning: https://g.alicdn.com/secdev/nsv/1.0.78/ns_e_88_3_n.js, line 4: WebGL context was lost.
JavaScript warning: https://g.alicdn.com/AWSC/et/1.62.1/et_n.js, line 4: WebGL context was lost.
1594546376231	Marionette	INFO	Stopped listening on port 65490
1594546391772	mozrunner::runner	INFO	Running command: "D:\\firefox\\firefox.exe" "-marionette" "-foreground" "-no-remote" "-profile" "C:\\Users\\ADMINI~1\\AppData\\Local\\Temp\\rust_mozprofile.DXcNMGs4yNNy"
JavaScript error: resource://gre/modules/XULStore.jsm, line 66: Error: Can't find profile directory.
1594546400518	Marionette	INFO	Listening on port 49377
1594546400613	Marionette	WARN	TLS certificate errors will be ignored for this session
JavaScript warning: https://g.alicdn.com/secdev/sufei_data/3.9.0/index.js, line 1: WebGL context was lost.
JavaScript warning: https://g.alicdn.com/AWSC/et/1.62.1/et_n.js, line 4: WebGL context was lost.
JavaScript warning: https://g.alicdn.com/secdev/nsv/1.0.78/ns_e_88_3_n.js, line 4: WebGL context was lost.
1594546432066	Marionette	INFO	Stopped listening on port 49377

###!!! [Child][RunMessage] Error: Channel closing: too late to send/recv, messages will be lost


###!!! [Child][MessageChannel::SendAndWait] Error: Channel error: cannot send/recv

tore.jsm, line 66: Error: Can't find profile directory.
1594546431251	Marionette	INFO	Listening on port 49509
1594546431738	Marionette	WARN	TLS certificate errors will be ignored for this session
JavaScript warning: https://g.alicdn.com/secdev/sufei_data/3.9.0/index.js, line 1: WebGL context was lost.
JavaScript warning: https://g.alicdn.com/secdev/nsv/1.0.78/ns_e_88_3_n.js, line 4: WebGL context was lost.
JavaScript warning: https://g.alicdn.com/AWSC/et/1.62.1/et_n.js, line 4: WebGL context was lost.
1594546471013	mozrunner::runner	INFO	Running command: "D:\\firefox\\firefox.exe" "-marionette" "-foreground" "-no-remote" "-profile" "C:\\Users\\ADMINI~1\\AppData\\Local\\Temp\\rust_mozprofile.jER0HBV6Ae1n"
JavaScript error: resource://gre/modules/XULStore.jsm, line 66: Error: Can't find profile directory.
1594546476449	Marionette	INFO	Listening on port 49641
1594546476518	Marionette	WARN	TLS certificate errors will be ignored for this session
JavaScript warning: https://g.alicdn.com/secdev/sufei_data/3.9.0/index.js, line 1: WebGL context was lost.
JavaScript warning: https://g.alicdn.com/AWSC/et/1.62.1/et_n.js, line 4: WebGL context was lost.
JavaScript warning: https://g.alicdn.com/secdev/nsv/1.0.78/ns_e_88_3_n.js, line 4: WebGL context was lost.
JavaScript warning: https://g.alicdn.com/secdev/sufei_data/3.9.0/index.js, line 1: WebGL context was lost.
JavaScript warning: https://g.alicdn.com/AWSC/et/1.62.1/et_n.js, line 4: WebGL context was lost.
JavaScript warning: https://g.alicdn.com/secdev/nsv/1.0.78/ns_e_88_3_n.js, line 4: WebGL context was lost.
JavaScript warning: https://g.alicdn.com/secdev/sufei_data/3.9.0/index.js, line 1: WebGL context was lost.
JavaScript warning: https://g.alicdn.com/secdev/nsv/1.0.78/ns_e_88_3_n.js, line 4: WebGL context was lost.
JavaScript warning: https://g.alicdn.com/AWSC/et/1.62.1/et_n.js, line 4: WebGL context was lost.
JavaScript warning: https://g.alicdn.com/secdev/sufei_data/3.9.0/index.js, line 1: WebGL context was lost.
JavaScript warning: https://g.alicdn.com/secdev/nsv/1.0.78/ns_e_88_3_n.js, line 4: WebGL context was lost.
JavaScript warning: https://g.alicdn.com/AWSC/et/1.62.1/et_n.js, line 4: WebGL context was lost.
1594547211517	Marionette	INFO	Stopped listening on port 49641

###!!! [Child][MessageChannel::SendAndWait] Error: Channel error: cannot send/recv

~1\\AppData\\Local\\Temp\\rust_mozprofile.011L89kQN5zZ"
JavaScript error: resource://gre/modules/XULStore.jsm, line 66: Error: Can't find profile directory.
1594546584183	Marionette	INFO	Listening on port 49885
1594546584258	Marionette	WARN	TLS certificate errors will be ignored for this session
JavaScript warning: https://g.alicdn.com/secdev/sufei_data/3.9.0/index.js, line 1: WebGL context was lost.
JavaScript warning: https://g.alicdn.com/secdev/nsv/1.0.78/ns_e_88_3_n.js, line 4: WebGL context was lost.
JavaScript warning: https://g.alicdn.com/AWSC/et/1.62.1/et_n.js, line 4: WebGL context was lost.
JavaScript warning: https://g.alicdn.com/secdev/sufei_data/3.9.0/index.js, line 1: WebGL context was lost.
JavaScript warning: https://g.alicdn.com/secdev/nsv/1.0.78/ns_e_88_3_n.js, line 4: WebGL context was lost.
JavaScript warning: https://g.alicdn.com/AWSC/et/1.62.1/et_n.js, line 4: WebGL context was lost.
JavaScript warning: https://g.alicdn.com/secdev/sufei_data/3.9.0/index.js, line 1: WebGL context was lost.
JavaScript warning: https://g.alicdn.com/secdev/nsv/1.0.78/ns_e_88_3_n.js, line 4: WebGL context was lost.
JavaScript warning: https://g.alicdn.com/AWSC/et/1.62.1/et_n.js, line 4: WebGL context was lost.
1594547210698	Marionette	INFO	Stopped listening on port 49885

###!!! [Child][RunMessage] Error: Channel closing: too late to send/recv, messages will be lost


###!!! [Child][MessageChannel::SendAndWait] Error: Channel error: cannot send/recv

